<?xml version="1.0" encoding="UTF-8"?>
<testsuite name="com.sento.organisations.OrgServiceRestControllerDeleteTest" tests="2" skipped="0" failures="0" errors="0" timestamp="2019-01-29T17:44:02" hostname="DESKTOP-M81G07M" time="0.095">
  <properties/>
  <testcase name="deleteOrg" classname="com.sento.organisations.OrgServiceRestControllerDeleteTest" time="0.063"/>
  <testcase name="deleteOrgReturns404IfNotFound" classname="com.sento.organisations.OrgServiceRestControllerDeleteTest" time="0.03"/>
  <system-out><![CDATA[2019-01-29 17:44:02.869  INFO 20760 --- [    Test worker] .b.t.c.SpringBootTestContextBootstrapper : Neither @ContextConfiguration nor @ContextHierarchy found for test class [com.sento.organisations.OrgServiceRestControllerDeleteTest], using SpringBootContextLoader
2019-01-29 17:44:02.870  INFO 20760 --- [    Test worker] o.s.t.c.support.AbstractContextLoader    : Could not detect default resource locations for test class [com.sento.organisations.OrgServiceRestControllerDeleteTest]: no resource found for suffixes {-context.xml, Context.groovy}.
2019-01-29 17:44:02.876  INFO 20760 --- [    Test worker] .b.t.c.SpringBootTestContextBootstrapper : Loaded default TestExecutionListener class names from location [META-INF/spring.factories]: [org.springframework.boot.test.autoconfigure.restdocs.RestDocsTestExecutionListener, org.springframework.boot.test.autoconfigure.web.client.MockRestServiceServerResetTestExecutionListener, org.springframework.boot.test.autoconfigure.web.servlet.MockMvcPrintOnlyOnFailureTestExecutionListener, org.springframework.boot.test.autoconfigure.web.servlet.WebDriverTestExecutionListener, org.springframework.boot.test.mock.mockito.MockitoTestExecutionListener, org.springframework.boot.test.mock.mockito.ResetMocksTestExecutionListener, org.springframework.test.context.web.ServletTestExecutionListener, org.springframework.test.context.support.DirtiesContextBeforeModesTestExecutionListener, org.springframework.test.context.support.DependencyInjectionTestExecutionListener, org.springframework.test.context.support.DirtiesContextTestExecutionListener, org.springframework.test.context.transaction.TransactionalTestExecutionListener, org.springframework.test.context.jdbc.SqlScriptsTestExecutionListener]
2019-01-29 17:44:02.877  INFO 20760 --- [    Test worker] .b.t.c.SpringBootTestContextBootstrapper : Using TestExecutionListeners: [org.springframework.test.context.web.ServletTestExecutionListener@477c16dd, org.springframework.test.context.support.DirtiesContextBeforeModesTestExecutionListener@6ad48ef1, org.springframework.boot.test.mock.mockito.MockitoTestExecutionListener@7a12a9d4, org.springframework.boot.test.autoconfigure.SpringBootDependencyInjectionTestExecutionListener@7ca8403, org.springframework.test.context.support.DirtiesContextTestExecutionListener@20a7b0d9, org.springframework.test.context.transaction.TransactionalTestExecutionListener@6eca013a, org.springframework.test.context.jdbc.SqlScriptsTestExecutionListener@179593e, org.springframework.boot.test.autoconfigure.restdocs.RestDocsTestExecutionListener@52c03f8e, org.springframework.boot.test.autoconfigure.web.client.MockRestServiceServerResetTestExecutionListener@4f7c7c77, org.springframework.boot.test.autoconfigure.web.servlet.MockMvcPrintOnlyOnFailureTestExecutionListener@71816773, org.springframework.boot.test.autoconfigure.web.servlet.WebDriverTestExecutionListener@3a7a70d4, org.springframework.boot.test.mock.mockito.ResetMocksTestExecutionListener@6995045a]
2019-01-29 17:44:02.884  INFO 20760 --- [    Test worker] o.s.b.t.m.w.SpringBootMockServletContext : Initializing Spring TestDispatcherServlet ''
2019-01-29 17:44:02.885  INFO 20760 --- [    Test worker] o.s.t.web.servlet.TestDispatcherServlet  : Initializing Servlet ''
2019-01-29 17:44:02.890  INFO 20760 --- [    Test worker] o.s.t.web.servlet.TestDispatcherServlet  : Completed initialization in 4 ms
2019-01-29 17:44:02.898 DEBUG 20760 --- [    Test worker] org.hibernate.SQL                        : select organisati0_.id as id1_0_, organisati0_.email as email2_0_, organisati0_.contact_name as contact_3_0_, organisati0_.contact_phone as contact_4_0_, organisati0_.name as name5_0_, organisati0_.org_id as org_id6_0_ from organisations organisati0_ where organisati0_.org_id=?
Hibernate: select organisati0_.id as id1_0_, organisati0_.email as email2_0_, organisati0_.contact_name as contact_3_0_, organisati0_.contact_phone as contact_4_0_, organisati0_.name as name5_0_, organisati0_.org_id as org_id6_0_ from organisations organisati0_ where organisati0_.org_id=?
2019-01-29 17:44:02.901 DEBUG 20760 --- [    Test worker] org.hibernate.SQL                        : select organisati0_.id as id1_0_, organisati0_.email as email2_0_, organisati0_.contact_name as contact_3_0_, organisati0_.contact_phone as contact_4_0_, organisati0_.name as name5_0_, organisati0_.org_id as org_id6_0_ from organisations organisati0_ where organisati0_.org_id=?
Hibernate: select organisati0_.id as id1_0_, organisati0_.email as email2_0_, organisati0_.contact_name as contact_3_0_, organisati0_.contact_phone as contact_4_0_, organisati0_.name as name5_0_, organisati0_.org_id as org_id6_0_ from organisations organisati0_ where organisati0_.org_id=?
2019-01-29 17:44:02.928 DEBUG 20760 --- [    Test worker] org.hibernate.SQL                        : delete from organisations where id=?
Hibernate: delete from organisations where id=?
2019-01-29 17:44:02.937  INFO 20760 --- [    Test worker] o.s.b.t.m.w.SpringBootMockServletContext : Initializing Spring TestDispatcherServlet ''
2019-01-29 17:44:02.937  INFO 20760 --- [    Test worker] o.s.t.web.servlet.TestDispatcherServlet  : Initializing Servlet ''
2019-01-29 17:44:02.942  INFO 20760 --- [    Test worker] o.s.t.web.servlet.TestDispatcherServlet  : Completed initialization in 4 ms
2019-01-29 17:44:02.949  INFO 20760 --- [    Test worker] o.s.b.t.m.w.SpringBootMockServletContext : Initializing Spring TestDispatcherServlet ''
2019-01-29 17:44:02.949  INFO 20760 --- [    Test worker] o.s.t.web.servlet.TestDispatcherServlet  : Initializing Servlet ''
2019-01-29 17:44:02.954  INFO 20760 --- [    Test worker] o.s.t.web.servlet.TestDispatcherServlet  : Completed initialization in 5 ms
2019-01-29 17:44:02.960 DEBUG 20760 --- [    Test worker] org.hibernate.SQL                        : select organisati0_.id as id1_0_, organisati0_.email as email2_0_, organisati0_.contact_name as contact_3_0_, organisati0_.contact_phone as contact_4_0_, organisati0_.name as name5_0_, organisati0_.org_id as org_id6_0_ from organisations organisati0_ where organisati0_.org_id=?
Hibernate: select organisati0_.id as id1_0_, organisati0_.email as email2_0_, organisati0_.contact_name as contact_3_0_, organisati0_.contact_phone as contact_4_0_, organisati0_.name as name5_0_, organisati0_.org_id as org_id6_0_ from organisations organisati0_ where organisati0_.org_id=?
2019-01-29 17:44:02.967  INFO 20760 --- [    Test worker] o.s.b.t.m.w.SpringBootMockServletContext : Initializing Spring TestDispatcherServlet ''
2019-01-29 17:44:02.968  INFO 20760 --- [    Test worker] o.s.t.web.servlet.TestDispatcherServlet  : Initializing Servlet ''
2019-01-29 17:44:02.972  INFO 20760 --- [    Test worker] o.s.t.web.servlet.TestDispatcherServlet  : Completed initialization in 4 ms
]]></system-out>
  <system-err><![CDATA[]]></system-err>
</testsuite>
