<?xml version="1.0" encoding="UTF-8"?>
<testsuite name="com.sento.organisations.OrgServiceRestControllerCreateTest" tests="4" skipped="0" failures="0" errors="0" timestamp="2019-01-22T21:49:29" hostname="DESKTOP-M81G07M" time="0.172">
  <properties/>
  <testcase name="createOrgReturns405IfOrgIdMismatch" classname="com.sento.organisations.OrgServiceRestControllerCreateTest" time="0.018"/>
  <testcase name="createOrganisation" classname="com.sento.organisations.OrgServiceRestControllerCreateTest" time="0.105"/>
  <testcase name="createOrganisationFromJson" classname="com.sento.organisations.OrgServiceRestControllerCreateTest" time="0.021"/>
  <testcase name="receive409IfOrgExists" classname="com.sento.organisations.OrgServiceRestControllerCreateTest" time="0.025"/>
  <system-out><![CDATA[2019-01-22 21:49:29.568  INFO 24188 --- [    Test worker] .b.t.c.SpringBootTestContextBootstrapper : Neither @ContextConfiguration nor @ContextHierarchy found for test class [com.sento.organisations.OrgServiceRestControllerCreateTest], using SpringBootContextLoader
2019-01-22 21:49:29.569  INFO 24188 --- [    Test worker] o.s.t.c.support.AbstractContextLoader    : Could not detect default resource locations for test class [com.sento.organisations.OrgServiceRestControllerCreateTest]: no resource found for suffixes {-context.xml, Context.groovy}.
2019-01-22 21:49:29.575  INFO 24188 --- [    Test worker] .b.t.c.SpringBootTestContextBootstrapper : Loaded default TestExecutionListener class names from location [META-INF/spring.factories]: [org.springframework.boot.test.autoconfigure.restdocs.RestDocsTestExecutionListener, org.springframework.boot.test.autoconfigure.web.client.MockRestServiceServerResetTestExecutionListener, org.springframework.boot.test.autoconfigure.web.servlet.MockMvcPrintOnlyOnFailureTestExecutionListener, org.springframework.boot.test.autoconfigure.web.servlet.WebDriverTestExecutionListener, org.springframework.boot.test.mock.mockito.MockitoTestExecutionListener, org.springframework.boot.test.mock.mockito.ResetMocksTestExecutionListener, org.springframework.test.context.web.ServletTestExecutionListener, org.springframework.test.context.support.DirtiesContextBeforeModesTestExecutionListener, org.springframework.test.context.support.DependencyInjectionTestExecutionListener, org.springframework.test.context.support.DirtiesContextTestExecutionListener, org.springframework.test.context.transaction.TransactionalTestExecutionListener, org.springframework.test.context.jdbc.SqlScriptsTestExecutionListener]
2019-01-22 21:49:29.575  INFO 24188 --- [    Test worker] .b.t.c.SpringBootTestContextBootstrapper : Using TestExecutionListeners: [org.springframework.test.context.web.ServletTestExecutionListener@3d41f316, org.springframework.test.context.support.DirtiesContextBeforeModesTestExecutionListener@12cb2707, org.springframework.boot.test.mock.mockito.MockitoTestExecutionListener@36a979, org.springframework.boot.test.autoconfigure.SpringBootDependencyInjectionTestExecutionListener@13ce0aef, org.springframework.test.context.support.DirtiesContextTestExecutionListener@212592c3, org.springframework.test.context.transaction.TransactionalTestExecutionListener@6a1d7aff, org.springframework.test.context.jdbc.SqlScriptsTestExecutionListener@5fd57ba4, org.springframework.boot.test.autoconfigure.restdocs.RestDocsTestExecutionListener@3c2f9bc3, org.springframework.boot.test.autoconfigure.web.client.MockRestServiceServerResetTestExecutionListener@3191a50f, org.springframework.boot.test.autoconfigure.web.servlet.MockMvcPrintOnlyOnFailureTestExecutionListener@305aeb40, org.springframework.boot.test.autoconfigure.web.servlet.WebDriverTestExecutionListener@44a6beb4, org.springframework.boot.test.mock.mockito.ResetMocksTestExecutionListener@417d460]
2019-01-22 21:49:29.582  INFO 24188 --- [    Test worker] o.s.b.t.m.w.SpringBootMockServletContext : Initializing Spring TestDispatcherServlet ''
2019-01-22 21:49:29.582  INFO 24188 --- [    Test worker] o.s.t.web.servlet.TestDispatcherServlet  : Initializing Servlet ''
2019-01-22 21:49:29.585  INFO 24188 --- [    Test worker] o.s.t.web.servlet.TestDispatcherServlet  : Completed initialization in 3 ms
2019-01-22 21:49:29.593  WARN 24188 --- [    Test worker] .w.s.m.s.DefaultHandlerExceptionResolver : Resolved [org.springframework.web.HttpRequestMethodNotSupportedException: Request method 'POST' not supported]
2019-01-22 21:49:29.601  INFO 24188 --- [    Test worker] o.s.b.t.m.w.SpringBootMockServletContext : Initializing Spring TestDispatcherServlet ''
2019-01-22 21:49:29.601  INFO 24188 --- [    Test worker] o.s.t.web.servlet.TestDispatcherServlet  : Initializing Servlet ''
2019-01-22 21:49:29.605  INFO 24188 --- [    Test worker] o.s.t.web.servlet.TestDispatcherServlet  : Completed initialization in 3 ms
2019-01-22 21:49:29.667 DEBUG 24188 --- [    Test worker] org.hibernate.SQL                        : select organisati0_.id as id1_0_, organisati0_.email as email2_0_, organisati0_.contact_name as contact_3_0_, organisati0_.contact_phone as contact_4_0_, organisati0_.name as name5_0_, organisati0_.org_id as org_id6_0_ from organisations organisati0_ where organisati0_.org_id=?
Hibernate: select organisati0_.id as id1_0_, organisati0_.email as email2_0_, organisati0_.contact_name as contact_3_0_, organisati0_.contact_phone as contact_4_0_, organisati0_.name as name5_0_, organisati0_.org_id as org_id6_0_ from organisations organisati0_ where organisati0_.org_id=?
2019-01-22 21:49:29.688 DEBUG 24188 --- [    Test worker] org.hibernate.SQL                        : insert into organisations (email, contact_name, contact_phone, name, org_id) values (?, ?, ?, ?, ?)
Hibernate: insert into organisations (email, contact_name, contact_phone, name, org_id) values (?, ?, ?, ?, ?)
2019-01-22 21:49:29.707  INFO 24188 --- [    Test worker] o.s.b.t.m.w.SpringBootMockServletContext : Initializing Spring TestDispatcherServlet ''
2019-01-22 21:49:29.708  INFO 24188 --- [    Test worker] o.s.t.web.servlet.TestDispatcherServlet  : Initializing Servlet ''
2019-01-22 21:49:29.710  INFO 24188 --- [    Test worker] o.s.t.web.servlet.TestDispatcherServlet  : Completed initialization in 2 ms
2019-01-22 21:49:29.713 DEBUG 24188 --- [    Test worker] org.hibernate.SQL                        : select organisati0_.id as id1_0_, organisati0_.email as email2_0_, organisati0_.contact_name as contact_3_0_, organisati0_.contact_phone as contact_4_0_, organisati0_.name as name5_0_, organisati0_.org_id as org_id6_0_ from organisations organisati0_ where organisati0_.org_id=?
Hibernate: select organisati0_.id as id1_0_, organisati0_.email as email2_0_, organisati0_.contact_name as contact_3_0_, organisati0_.contact_phone as contact_4_0_, organisati0_.name as name5_0_, organisati0_.org_id as org_id6_0_ from organisations organisati0_ where organisati0_.org_id=?
2019-01-22 21:49:29.716 DEBUG 24188 --- [    Test worker] org.hibernate.SQL                        : insert into organisations (email, contact_name, contact_phone, name, org_id) values (?, ?, ?, ?, ?)
Hibernate: insert into organisations (email, contact_name, contact_phone, name, org_id) values (?, ?, ?, ?, ?)
2019-01-22 21:49:29.729  INFO 24188 --- [    Test worker] o.s.b.t.m.w.SpringBootMockServletContext : Initializing Spring TestDispatcherServlet ''
2019-01-22 21:49:29.729  INFO 24188 --- [    Test worker] o.s.t.web.servlet.TestDispatcherServlet  : Initializing Servlet ''
2019-01-22 21:49:29.732  INFO 24188 --- [    Test worker] o.s.t.web.servlet.TestDispatcherServlet  : Completed initialization in 3 ms
2019-01-22 21:49:29.736 DEBUG 24188 --- [    Test worker] org.hibernate.SQL                        : select organisati0_.id as id1_0_, organisati0_.email as email2_0_, organisati0_.contact_name as contact_3_0_, organisati0_.contact_phone as contact_4_0_, organisati0_.name as name5_0_, organisati0_.org_id as org_id6_0_ from organisations organisati0_ where organisati0_.org_id=?
Hibernate: select organisati0_.id as id1_0_, organisati0_.email as email2_0_, organisati0_.contact_name as contact_3_0_, organisati0_.contact_phone as contact_4_0_, organisati0_.name as name5_0_, organisati0_.org_id as org_id6_0_ from organisations organisati0_ where organisati0_.org_id=?
2019-01-22 21:49:29.739 DEBUG 24188 --- [    Test worker] org.hibernate.SQL                        : insert into organisations (email, contact_name, contact_phone, name, org_id) values (?, ?, ?, ?, ?)
Hibernate: insert into organisations (email, contact_name, contact_phone, name, org_id) values (?, ?, ?, ?, ?)
2019-01-22 21:49:29.745 DEBUG 24188 --- [    Test worker] org.hibernate.SQL                        : select organisati0_.id as id1_0_, organisati0_.email as email2_0_, organisati0_.contact_name as contact_3_0_, organisati0_.contact_phone as contact_4_0_, organisati0_.name as name5_0_, organisati0_.org_id as org_id6_0_ from organisations organisati0_ where organisati0_.org_id=?
Hibernate: select organisati0_.id as id1_0_, organisati0_.email as email2_0_, organisati0_.contact_name as contact_3_0_, organisati0_.contact_phone as contact_4_0_, organisati0_.name as name5_0_, organisati0_.org_id as org_id6_0_ from organisations organisati0_ where organisati0_.org_id=?
2019-01-22 21:49:29.747 ERROR 24188 --- [    Test worker] c.s.o.c.OrganisationServiceController    : Attempted to create duplicate org : JS0023
]]></system-out>
  <system-err><![CDATA[]]></system-err>
</testsuite>
