<?xml version="1.0" encoding="UTF-8"?>
<testsuite name="com.sento.organisations.OrgServiceRestControllerUpdateTest" tests="7" skipped="0" failures="0" errors="0" timestamp="2019-01-22T21:49:29" hostname="DESKTOP-M81G07M" time="0.173">
  <properties/>
  <testcase name="updateOrgReturns404IfNotFound" classname="com.sento.organisations.OrgServiceRestControllerUpdateTest" time="0.021"/>
  <testcase name="get400OnUpdateIfEmailInvalidFormat" classname="com.sento.organisations.OrgServiceRestControllerUpdateTest" time="0.037"/>
  <testcase name="updateOrganisation" classname="com.sento.organisations.OrgServiceRestControllerUpdateTest" time="0.042"/>
  <testcase name="failUpdateIfEmailNull" classname="com.sento.organisations.OrgServiceRestControllerUpdateTest" time="0.014"/>
  <testcase name="get400OnUpdateIfContactNameNull" classname="com.sento.organisations.OrgServiceRestControllerUpdateTest" time="0.015"/>
  <testcase name="updateOrgReturns405IfOrgIdMismatch" classname="com.sento.organisations.OrgServiceRestControllerUpdateTest" time="0.014"/>
  <testcase name="updateOrganisationFromJson" classname="com.sento.organisations.OrgServiceRestControllerUpdateTest" time="0.022"/>
  <system-out><![CDATA[2019-01-22 21:49:29.900  INFO 24188 --- [    Test worker] .b.t.c.SpringBootTestContextBootstrapper : Neither @ContextConfiguration nor @ContextHierarchy found for test class [com.sento.organisations.OrgServiceRestControllerUpdateTest], using SpringBootContextLoader
2019-01-22 21:49:29.901  INFO 24188 --- [    Test worker] o.s.t.c.support.AbstractContextLoader    : Could not detect default resource locations for test class [com.sento.organisations.OrgServiceRestControllerUpdateTest]: no resource found for suffixes {-context.xml, Context.groovy}.
2019-01-22 21:49:29.904  INFO 24188 --- [    Test worker] .b.t.c.SpringBootTestContextBootstrapper : Loaded default TestExecutionListener class names from location [META-INF/spring.factories]: [org.springframework.boot.test.autoconfigure.restdocs.RestDocsTestExecutionListener, org.springframework.boot.test.autoconfigure.web.client.MockRestServiceServerResetTestExecutionListener, org.springframework.boot.test.autoconfigure.web.servlet.MockMvcPrintOnlyOnFailureTestExecutionListener, org.springframework.boot.test.autoconfigure.web.servlet.WebDriverTestExecutionListener, org.springframework.boot.test.mock.mockito.MockitoTestExecutionListener, org.springframework.boot.test.mock.mockito.ResetMocksTestExecutionListener, org.springframework.test.context.web.ServletTestExecutionListener, org.springframework.test.context.support.DirtiesContextBeforeModesTestExecutionListener, org.springframework.test.context.support.DependencyInjectionTestExecutionListener, org.springframework.test.context.support.DirtiesContextTestExecutionListener, org.springframework.test.context.transaction.TransactionalTestExecutionListener, org.springframework.test.context.jdbc.SqlScriptsTestExecutionListener]
2019-01-22 21:49:29.905  INFO 24188 --- [    Test worker] .b.t.c.SpringBootTestContextBootstrapper : Using TestExecutionListeners: [org.springframework.test.context.web.ServletTestExecutionListener@25777f44, org.springframework.test.context.support.DirtiesContextBeforeModesTestExecutionListener@63b48f44, org.springframework.boot.test.mock.mockito.MockitoTestExecutionListener@39cba685, org.springframework.boot.test.autoconfigure.SpringBootDependencyInjectionTestExecutionListener@600c61e2, org.springframework.test.context.support.DirtiesContextTestExecutionListener@7e9fbff8, org.springframework.test.context.transaction.TransactionalTestExecutionListener@3916d1c0, org.springframework.test.context.jdbc.SqlScriptsTestExecutionListener@5d8da7e9, org.springframework.boot.test.autoconfigure.restdocs.RestDocsTestExecutionListener@5e8ddecb, org.springframework.boot.test.autoconfigure.web.client.MockRestServiceServerResetTestExecutionListener@5d6eca9d, org.springframework.boot.test.autoconfigure.web.servlet.MockMvcPrintOnlyOnFailureTestExecutionListener@52799821, org.springframework.boot.test.autoconfigure.web.servlet.WebDriverTestExecutionListener@62fbcf68, org.springframework.boot.test.mock.mockito.ResetMocksTestExecutionListener@52b03e7a]
2019-01-22 21:49:29.910  INFO 24188 --- [    Test worker] o.s.b.t.m.w.SpringBootMockServletContext : Initializing Spring TestDispatcherServlet ''
2019-01-22 21:49:29.910  INFO 24188 --- [    Test worker] o.s.t.web.servlet.TestDispatcherServlet  : Initializing Servlet ''
2019-01-22 21:49:29.913  INFO 24188 --- [    Test worker] o.s.t.web.servlet.TestDispatcherServlet  : Completed initialization in 3 ms
2019-01-22 21:49:29.922  INFO 24188 --- [    Test worker] c.s.o.c.OrganisationServiceController    : Update for organisation in PUT for id BM099
2019-01-22 21:49:29.923 DEBUG 24188 --- [    Test worker] org.hibernate.SQL                        : select organisati0_.id as id1_0_, organisati0_.email as email2_0_, organisati0_.contact_name as contact_3_0_, organisati0_.contact_phone as contact_4_0_, organisati0_.name as name5_0_, organisati0_.org_id as org_id6_0_ from organisations organisati0_ where organisati0_.org_id=?
Hibernate: select organisati0_.id as id1_0_, organisati0_.email as email2_0_, organisati0_.contact_name as contact_3_0_, organisati0_.contact_phone as contact_4_0_, organisati0_.name as name5_0_, organisati0_.org_id as org_id6_0_ from organisations organisati0_ where organisati0_.org_id=?
2019-01-22 21:49:29.925 ERROR 24188 --- [    Test worker] c.s.o.c.OrganisationServiceController    : Attempted to update non-existent  org : BM099
2019-01-22 21:49:29.931  INFO 24188 --- [    Test worker] o.s.b.t.m.w.SpringBootMockServletContext : Initializing Spring TestDispatcherServlet ''
2019-01-22 21:49:29.932  INFO 24188 --- [    Test worker] o.s.t.web.servlet.TestDispatcherServlet  : Initializing Servlet ''
2019-01-22 21:49:29.934  INFO 24188 --- [    Test worker] o.s.t.web.servlet.TestDispatcherServlet  : Completed initialization in 2 ms
2019-01-22 21:49:29.962  WARN 24188 --- [    Test worker] .w.s.m.s.DefaultHandlerExceptionResolver : Resolved [org.springframework.web.bind.MethodArgumentNotValidException: Validation failed for argument [1] in public org.springframework.http.ResponseEntity<?> com.sento.organisations.controller.OrganisationServiceController.updateOrganisation(java.lang.String,com.sento.organisations.model.Organisation): [Field error in object 'organisation' on field 'contactEmail': rejected value [foo]; codes [Email.organisation.contactEmail,Email.contactEmail,Email.java.lang.String,Email]; arguments [org.springframework.context.support.DefaultMessageSourceResolvable: codes [organisation.contactEmail,contactEmail]; arguments []; default message [contactEmail],[Ljavax.validation.constraints.Pattern$Flag;@2bf19acd,org.springframework.validation.beanvalidation.SpringValidatorAdapter$ResolvableAttribute@32261afe]; default message [must be a well-formed email address]] ]
2019-01-22 21:49:29.970  INFO 24188 --- [    Test worker] o.s.b.t.m.w.SpringBootMockServletContext : Initializing Spring TestDispatcherServlet ''
2019-01-22 21:49:29.971  INFO 24188 --- [    Test worker] o.s.t.web.servlet.TestDispatcherServlet  : Initializing Servlet ''
2019-01-22 21:49:29.976  INFO 24188 --- [    Test worker] o.s.t.web.servlet.TestDispatcherServlet  : Completed initialization in 4 ms
2019-01-22 21:49:29.980  INFO 24188 --- [    Test worker] c.s.o.c.OrganisationServiceController    : Update for organisation in PUT for id BM023
2019-01-22 21:49:29.980 DEBUG 24188 --- [    Test worker] org.hibernate.SQL                        : select organisati0_.id as id1_0_, organisati0_.email as email2_0_, organisati0_.contact_name as contact_3_0_, organisati0_.contact_phone as contact_4_0_, organisati0_.name as name5_0_, organisati0_.org_id as org_id6_0_ from organisations organisati0_ where organisati0_.org_id=?
Hibernate: select organisati0_.id as id1_0_, organisati0_.email as email2_0_, organisati0_.contact_name as contact_3_0_, organisati0_.contact_phone as contact_4_0_, organisati0_.name as name5_0_, organisati0_.org_id as org_id6_0_ from organisations organisati0_ where organisati0_.org_id=?
2019-01-22 21:49:29.990 DEBUG 24188 --- [    Test worker] org.hibernate.SQL                        : update organisations set email=?, contact_name=?, contact_phone=?, name=?, org_id=? where id=?
Hibernate: update organisations set email=?, contact_name=?, contact_phone=?, name=?, org_id=? where id=?
2019-01-22 21:49:30.014  INFO 24188 --- [    Test worker] o.s.b.t.m.w.SpringBootMockServletContext : Initializing Spring TestDispatcherServlet ''
2019-01-22 21:49:30.014  INFO 24188 --- [    Test worker] o.s.t.web.servlet.TestDispatcherServlet  : Initializing Servlet ''
2019-01-22 21:49:30.017  INFO 24188 --- [    Test worker] o.s.t.web.servlet.TestDispatcherServlet  : Completed initialization in 3 ms
2019-01-22 21:49:30.022  WARN 24188 --- [    Test worker] .w.s.m.s.DefaultHandlerExceptionResolver : Resolved [org.springframework.web.bind.MethodArgumentNotValidException: Validation failed for argument [1] in public org.springframework.http.ResponseEntity<?> com.sento.organisations.controller.OrganisationServiceController.updateOrganisation(java.lang.String,com.sento.organisations.model.Organisation): [Field error in object 'organisation' on field 'contactEmail': rejected value [null]; codes [NotNull.organisation.contactEmail,NotNull.contactEmail,NotNull.java.lang.String,NotNull]; arguments [org.springframework.context.support.DefaultMessageSourceResolvable: codes [organisation.contactEmail,contactEmail]; arguments []; default message [contactEmail]]; default message [must not be null]] ]
2019-01-22 21:49:30.029  INFO 24188 --- [    Test worker] o.s.b.t.m.w.SpringBootMockServletContext : Initializing Spring TestDispatcherServlet ''
2019-01-22 21:49:30.029  INFO 24188 --- [    Test worker] o.s.t.web.servlet.TestDispatcherServlet  : Initializing Servlet ''
2019-01-22 21:49:30.032  INFO 24188 --- [    Test worker] o.s.t.web.servlet.TestDispatcherServlet  : Completed initialization in 2 ms
2019-01-22 21:49:30.038  WARN 24188 --- [    Test worker] .w.s.m.s.DefaultHandlerExceptionResolver : Resolved [org.springframework.web.bind.MethodArgumentNotValidException: Validation failed for argument [1] in public org.springframework.http.ResponseEntity<?> com.sento.organisations.controller.OrganisationServiceController.updateOrganisation(java.lang.String,com.sento.organisations.model.Organisation): [Field error in object 'organisation' on field 'contactName': rejected value [null]; codes [NotNull.organisation.contactName,NotNull.contactName,NotNull.java.lang.String,NotNull]; arguments [org.springframework.context.support.DefaultMessageSourceResolvable: codes [organisation.contactName,contactName]; arguments []; default message [contactName]]; default message [must not be null]] ]
2019-01-22 21:49:30.046  INFO 24188 --- [    Test worker] o.s.b.t.m.w.SpringBootMockServletContext : Initializing Spring TestDispatcherServlet ''
2019-01-22 21:49:30.046  INFO 24188 --- [    Test worker] o.s.t.web.servlet.TestDispatcherServlet  : Initializing Servlet ''
2019-01-22 21:49:30.049  INFO 24188 --- [    Test worker] o.s.t.web.servlet.TestDispatcherServlet  : Completed initialization in 3 ms
2019-01-22 21:49:30.053  INFO 24188 --- [    Test worker] c.s.o.c.OrganisationServiceController    : Update for organisation in PUT for id BM023
2019-01-22 21:49:30.054 ERROR 24188 --- [    Test worker] c.s.o.c.OrganisationServiceController    : Update failed - path/body org id mismatch for BM099
2019-01-22 21:49:30.060  INFO 24188 --- [    Test worker] o.s.b.t.m.w.SpringBootMockServletContext : Initializing Spring TestDispatcherServlet ''
2019-01-22 21:49:30.061  INFO 24188 --- [    Test worker] o.s.t.web.servlet.TestDispatcherServlet  : Initializing Servlet ''
2019-01-22 21:49:30.063  INFO 24188 --- [    Test worker] o.s.t.web.servlet.TestDispatcherServlet  : Completed initialization in 2 ms
2019-01-22 21:49:30.068  INFO 24188 --- [    Test worker] c.s.o.c.OrganisationServiceController    : Update for organisation in PUT for id BM023
2019-01-22 21:49:30.068 DEBUG 24188 --- [    Test worker] org.hibernate.SQL                        : select organisati0_.id as id1_0_, organisati0_.email as email2_0_, organisati0_.contact_name as contact_3_0_, organisati0_.contact_phone as contact_4_0_, organisati0_.name as name5_0_, organisati0_.org_id as org_id6_0_ from organisations organisati0_ where organisati0_.org_id=?
Hibernate: select organisati0_.id as id1_0_, organisati0_.email as email2_0_, organisati0_.contact_name as contact_3_0_, organisati0_.contact_phone as contact_4_0_, organisati0_.name as name5_0_, organisati0_.org_id as org_id6_0_ from organisations organisati0_ where organisati0_.org_id=?
2019-01-22 21:49:30.071 DEBUG 24188 --- [    Test worker] org.hibernate.SQL                        : update organisations set email=?, contact_name=?, contact_phone=?, name=?, org_id=? where id=?
Hibernate: update organisations set email=?, contact_name=?, contact_phone=?, name=?, org_id=? where id=?
]]></system-out>
  <system-err><![CDATA[]]></system-err>
</testsuite>
