<?xml version="1.0" encoding="UTF-8"?>
<testsuite name="com.sento.organisations.OrgServiceRestControllerDeleteTest" tests="2" skipped="0" failures="0" errors="0" timestamp="2019-01-23T09:21:42" hostname="DESKTOP-M81G07M" time="0.075">
  <properties/>
  <testcase name="deleteOrg" classname="com.sento.organisations.OrgServiceRestControllerDeleteTest" time="0.051"/>
  <testcase name="deleteOrgReturns404IfNotFound" classname="com.sento.organisations.OrgServiceRestControllerDeleteTest" time="0.023"/>
  <system-out><![CDATA[2019-01-23 09:21:42.865  INFO 19676 --- [    Test worker] .b.t.c.SpringBootTestContextBootstrapper : Neither @ContextConfiguration nor @ContextHierarchy found for test class [com.sento.organisations.OrgServiceRestControllerDeleteTest], using SpringBootContextLoader
2019-01-23 09:21:42.866  INFO 19676 --- [    Test worker] o.s.t.c.support.AbstractContextLoader    : Could not detect default resource locations for test class [com.sento.organisations.OrgServiceRestControllerDeleteTest]: no resource found for suffixes {-context.xml, Context.groovy}.
2019-01-23 09:21:42.872  INFO 19676 --- [    Test worker] .b.t.c.SpringBootTestContextBootstrapper : Loaded default TestExecutionListener class names from location [META-INF/spring.factories]: [org.springframework.boot.test.autoconfigure.restdocs.RestDocsTestExecutionListener, org.springframework.boot.test.autoconfigure.web.client.MockRestServiceServerResetTestExecutionListener, org.springframework.boot.test.autoconfigure.web.servlet.MockMvcPrintOnlyOnFailureTestExecutionListener, org.springframework.boot.test.autoconfigure.web.servlet.WebDriverTestExecutionListener, org.springframework.boot.test.mock.mockito.MockitoTestExecutionListener, org.springframework.boot.test.mock.mockito.ResetMocksTestExecutionListener, org.springframework.test.context.web.ServletTestExecutionListener, org.springframework.test.context.support.DirtiesContextBeforeModesTestExecutionListener, org.springframework.test.context.support.DependencyInjectionTestExecutionListener, org.springframework.test.context.support.DirtiesContextTestExecutionListener, org.springframework.test.context.transaction.TransactionalTestExecutionListener, org.springframework.test.context.jdbc.SqlScriptsTestExecutionListener]
2019-01-23 09:21:42.873  INFO 19676 --- [    Test worker] .b.t.c.SpringBootTestContextBootstrapper : Using TestExecutionListeners: [org.springframework.test.context.web.ServletTestExecutionListener@7f2e483, org.springframework.test.context.support.DirtiesContextBeforeModesTestExecutionListener@151d1712, org.springframework.boot.test.mock.mockito.MockitoTestExecutionListener@477c16dd, org.springframework.boot.test.autoconfigure.SpringBootDependencyInjectionTestExecutionListener@6ad48ef1, org.springframework.test.context.support.DirtiesContextTestExecutionListener@7a12a9d4, org.springframework.test.context.transaction.TransactionalTestExecutionListener@7ca8403, org.springframework.test.context.jdbc.SqlScriptsTestExecutionListener@20a7b0d9, org.springframework.boot.test.autoconfigure.restdocs.RestDocsTestExecutionListener@6eca013a, org.springframework.boot.test.autoconfigure.web.client.MockRestServiceServerResetTestExecutionListener@179593e, org.springframework.boot.test.autoconfigure.web.servlet.MockMvcPrintOnlyOnFailureTestExecutionListener@52c03f8e, org.springframework.boot.test.autoconfigure.web.servlet.WebDriverTestExecutionListener@4f7c7c77, org.springframework.boot.test.mock.mockito.ResetMocksTestExecutionListener@71816773]
2019-01-23 09:21:42.881  INFO 19676 --- [    Test worker] o.s.b.t.m.w.SpringBootMockServletContext : Initializing Spring TestDispatcherServlet ''
2019-01-23 09:21:42.882  INFO 19676 --- [    Test worker] o.s.t.web.servlet.TestDispatcherServlet  : Initializing Servlet ''
2019-01-23 09:21:42.885  INFO 19676 --- [    Test worker] o.s.t.web.servlet.TestDispatcherServlet  : Completed initialization in 3 ms
2019-01-23 09:21:42.894 DEBUG 19676 --- [    Test worker] org.hibernate.SQL                        : select organisati0_.id as id1_0_, organisati0_.email as email2_0_, organisati0_.contact_name as contact_3_0_, organisati0_.contact_phone as contact_4_0_, organisati0_.name as name5_0_, organisati0_.org_id as org_id6_0_ from organisations organisati0_ where organisati0_.org_id=?
Hibernate: select organisati0_.id as id1_0_, organisati0_.email as email2_0_, organisati0_.contact_name as contact_3_0_, organisati0_.contact_phone as contact_4_0_, organisati0_.name as name5_0_, organisati0_.org_id as org_id6_0_ from organisations organisati0_ where organisati0_.org_id=?
2019-01-23 09:21:42.897 DEBUG 19676 --- [    Test worker] org.hibernate.SQL                        : select organisati0_.id as id1_0_, organisati0_.email as email2_0_, organisati0_.contact_name as contact_3_0_, organisati0_.contact_phone as contact_4_0_, organisati0_.name as name5_0_, organisati0_.org_id as org_id6_0_ from organisations organisati0_ where organisati0_.org_id=?
Hibernate: select organisati0_.id as id1_0_, organisati0_.email as email2_0_, organisati0_.contact_name as contact_3_0_, organisati0_.contact_phone as contact_4_0_, organisati0_.name as name5_0_, organisati0_.org_id as org_id6_0_ from organisations organisati0_ where organisati0_.org_id=?
2019-01-23 09:21:42.916 DEBUG 19676 --- [    Test worker] org.hibernate.SQL                        : delete from organisations where id=?
Hibernate: delete from organisations where id=?
2019-01-23 09:21:42.922  INFO 19676 --- [    Test worker] o.s.b.t.m.w.SpringBootMockServletContext : Initializing Spring TestDispatcherServlet ''
2019-01-23 09:21:42.922  INFO 19676 --- [    Test worker] o.s.t.web.servlet.TestDispatcherServlet  : Initializing Servlet ''
2019-01-23 09:21:42.926  INFO 19676 --- [    Test worker] o.s.t.web.servlet.TestDispatcherServlet  : Completed initialization in 3 ms
2019-01-23 09:21:42.932  INFO 19676 --- [    Test worker] o.s.b.t.m.w.SpringBootMockServletContext : Initializing Spring TestDispatcherServlet ''
2019-01-23 09:21:42.933  INFO 19676 --- [    Test worker] o.s.t.web.servlet.TestDispatcherServlet  : Initializing Servlet ''
2019-01-23 09:21:42.936  INFO 19676 --- [    Test worker] o.s.t.web.servlet.TestDispatcherServlet  : Completed initialization in 3 ms
2019-01-23 09:21:42.940 DEBUG 19676 --- [    Test worker] org.hibernate.SQL                        : select organisati0_.id as id1_0_, organisati0_.email as email2_0_, organisati0_.contact_name as contact_3_0_, organisati0_.contact_phone as contact_4_0_, organisati0_.name as name5_0_, organisati0_.org_id as org_id6_0_ from organisations organisati0_ where organisati0_.org_id=?
Hibernate: select organisati0_.id as id1_0_, organisati0_.email as email2_0_, organisati0_.contact_name as contact_3_0_, organisati0_.contact_phone as contact_4_0_, organisati0_.name as name5_0_, organisati0_.org_id as org_id6_0_ from organisations organisati0_ where organisati0_.org_id=?
2019-01-23 09:21:42.947  INFO 19676 --- [    Test worker] o.s.b.t.m.w.SpringBootMockServletContext : Initializing Spring TestDispatcherServlet ''
2019-01-23 09:21:42.947  INFO 19676 --- [    Test worker] o.s.t.web.servlet.TestDispatcherServlet  : Initializing Servlet ''
2019-01-23 09:21:42.950  INFO 19676 --- [    Test worker] o.s.t.web.servlet.TestDispatcherServlet  : Completed initialization in 3 ms
]]></system-out>
  <system-err><![CDATA[]]></system-err>
</testsuite>
