<?xml version="1.0" encoding="UTF-8"?>
<testsuite name="com.sento.organisations.OrgServiceRestControllerDeleteTest" tests="2" skipped="0" failures="0" errors="0" timestamp="2019-01-22T21:49:28" hostname="DESKTOP-M81G07M" time="0.574">
  <properties/>
  <testcase name="deleteOrg" classname="com.sento.organisations.OrgServiceRestControllerDeleteTest" time="0.528"/>
  <testcase name="deleteOrgReturns404IfNotFound" classname="com.sento.organisations.OrgServiceRestControllerDeleteTest" time="0.044"/>
  <system-out><![CDATA[21:49:16.802 [Test worker] DEBUG org.springframework.test.context.junit4.SpringJUnit4ClassRunner - SpringJUnit4ClassRunner constructor called with [class com.sento.organisations.OrgServiceRestControllerDeleteTest]
21:49:16.815 [Test worker] DEBUG org.springframework.test.context.BootstrapUtils - Instantiating CacheAwareContextLoaderDelegate from class [org.springframework.test.context.cache.DefaultCacheAwareContextLoaderDelegate]
21:49:16.826 [Test worker] DEBUG org.springframework.test.context.BootstrapUtils - Instantiating BootstrapContext using constructor [public org.springframework.test.context.support.DefaultBootstrapContext(java.lang.Class,org.springframework.test.context.CacheAwareContextLoaderDelegate)]
21:49:16.851 [Test worker] DEBUG org.springframework.test.context.BootstrapUtils - Instantiating TestContextBootstrapper for test class [com.sento.organisations.OrgServiceRestControllerDeleteTest] from class [org.springframework.boot.test.context.SpringBootTestContextBootstrapper]
21:49:16.865 [Test worker] INFO org.springframework.boot.test.context.SpringBootTestContextBootstrapper - Neither @ContextConfiguration nor @ContextHierarchy found for test class [com.sento.organisations.OrgServiceRestControllerDeleteTest], using SpringBootContextLoader
21:49:16.870 [Test worker] DEBUG org.springframework.test.context.support.AbstractContextLoader - Did not detect default resource location for test class [com.sento.organisations.OrgServiceRestControllerDeleteTest]: class path resource [com/sento/organisations/OrgServiceRestControllerDeleteTest-context.xml] does not exist
21:49:16.870 [Test worker] DEBUG org.springframework.test.context.support.AbstractContextLoader - Did not detect default resource location for test class [com.sento.organisations.OrgServiceRestControllerDeleteTest]: class path resource [com/sento/organisations/OrgServiceRestControllerDeleteTestContext.groovy] does not exist
21:49:16.871 [Test worker] INFO org.springframework.test.context.support.AbstractContextLoader - Could not detect default resource locations for test class [com.sento.organisations.OrgServiceRestControllerDeleteTest]: no resource found for suffixes {-context.xml, Context.groovy}.
21:49:16.938 [Test worker] DEBUG org.springframework.test.context.support.ActiveProfilesUtils - Could not find an 'annotation declaring class' for annotation type [org.springframework.test.context.ActiveProfiles] and class [com.sento.organisations.OrgServiceRestControllerDeleteTest]
21:49:17.137 [Test worker] DEBUG org.springframework.boot.test.context.SpringBootTestContextBootstrapper - @TestExecutionListeners is not present for class [com.sento.organisations.OrgServiceRestControllerDeleteTest]: using defaults.
21:49:17.137 [Test worker] INFO org.springframework.boot.test.context.SpringBootTestContextBootstrapper - Loaded default TestExecutionListener class names from location [META-INF/spring.factories]: [org.springframework.boot.test.autoconfigure.restdocs.RestDocsTestExecutionListener, org.springframework.boot.test.autoconfigure.web.client.MockRestServiceServerResetTestExecutionListener, org.springframework.boot.test.autoconfigure.web.servlet.MockMvcPrintOnlyOnFailureTestExecutionListener, org.springframework.boot.test.autoconfigure.web.servlet.WebDriverTestExecutionListener, org.springframework.boot.test.mock.mockito.MockitoTestExecutionListener, org.springframework.boot.test.mock.mockito.ResetMocksTestExecutionListener, org.springframework.test.context.web.ServletTestExecutionListener, org.springframework.test.context.support.DirtiesContextBeforeModesTestExecutionListener, org.springframework.test.context.support.DependencyInjectionTestExecutionListener, org.springframework.test.context.support.DirtiesContextTestExecutionListener, org.springframework.test.context.transaction.TransactionalTestExecutionListener, org.springframework.test.context.jdbc.SqlScriptsTestExecutionListener]
21:49:17.163 [Test worker] INFO org.springframework.boot.test.context.SpringBootTestContextBootstrapper - Using TestExecutionListeners: [org.springframework.test.context.web.ServletTestExecutionListener@16bbc166, org.springframework.test.context.support.DirtiesContextBeforeModesTestExecutionListener@47f9c74f, org.springframework.boot.test.mock.mockito.MockitoTestExecutionListener@7528b44, org.springframework.boot.test.autoconfigure.SpringBootDependencyInjectionTestExecutionListener@f1d2d5a, org.springframework.test.context.support.DirtiesContextTestExecutionListener@47657d2e, org.springframework.test.context.transaction.TransactionalTestExecutionListener@4e2f0932, org.springframework.test.context.jdbc.SqlScriptsTestExecutionListener@5d34b318, org.springframework.boot.test.autoconfigure.restdocs.RestDocsTestExecutionListener@3b252219, org.springframework.boot.test.autoconfigure.web.client.MockRestServiceServerResetTestExecutionListener@57c5b45e, org.springframework.boot.test.autoconfigure.web.servlet.MockMvcPrintOnlyOnFailureTestExecutionListener@6115510d, org.springframework.boot.test.autoconfigure.web.servlet.WebDriverTestExecutionListener@19c18244, org.springframework.boot.test.mock.mockito.ResetMocksTestExecutionListener@b665e8f]
21:49:17.166 [Test worker] DEBUG org.springframework.test.annotation.ProfileValueUtils - Retrieved @ProfileValueSourceConfiguration [null] for test class [com.sento.organisations.OrgServiceRestControllerDeleteTest]
21:49:17.167 [Test worker] DEBUG org.springframework.test.annotation.ProfileValueUtils - Retrieved ProfileValueSource type [class org.springframework.test.annotation.SystemProfileValueSource] for class [com.sento.organisations.OrgServiceRestControllerDeleteTest]
21:49:17.169 [Test worker] DEBUG org.springframework.test.annotation.ProfileValueUtils - Retrieved @ProfileValueSourceConfiguration [null] for test class [com.sento.organisations.OrgServiceRestControllerDeleteTest]
21:49:17.169 [Test worker] DEBUG org.springframework.test.annotation.ProfileValueUtils - Retrieved ProfileValueSource type [class org.springframework.test.annotation.SystemProfileValueSource] for class [com.sento.organisations.OrgServiceRestControllerDeleteTest]
21:49:17.176 [Test worker] DEBUG org.springframework.test.context.support.AbstractDirtiesContextTestExecutionListener - Before test class: context [DefaultTestContext@2331191c testClass = OrgServiceRestControllerDeleteTest, testInstance = [null], testMethod = [null], testException = [null], mergedContextConfiguration = [WebMergedContextConfiguration@7107dc09 testClass = OrgServiceRestControllerDeleteTest, locations = '{}', classes = '{class com.sento.organisations.OrganisationServiceApplication, class com.sento.organisations.OrganisationServiceApplication}', contextInitializerClasses = '[]', activeProfiles = '{}', propertySourceLocations = '{}', propertySourceProperties = '{org.springframework.boot.test.context.SpringBootTestContextBootstrapper=true}', contextCustomizers = set[org.springframework.boot.test.autoconfigure.properties.PropertyMappingContextCustomizer@0, org.springframework.boot.test.autoconfigure.web.servlet.WebDriverContextCustomizerFactory$Customizer@4af73983, org.springframework.boot.test.context.filter.ExcludeFilterContextCustomizer@40061203, org.springframework.boot.test.json.DuplicateJsonObjectContextCustomizerFactory$DuplicateJsonObjectContextCustomizer@b45900e, org.springframework.boot.test.mock.mockito.MockitoContextCustomizer@0, org.springframework.boot.test.web.client.TestRestTemplateContextCustomizer@5c8acdbf, org.springframework.test.context.web.socket.MockServerContainerContextCustomizer@420da6a8], resourceBasePath = 'src/main/webapp', contextLoader = 'org.springframework.boot.test.context.SpringBootContextLoader', parent = [null]], attributes = map['org.springframework.test.context.web.ServletTestExecutionListener.activateListener' -> true]], class annotated with @DirtiesContext [false] with mode [null].
21:49:17.177 [Test worker] DEBUG org.springframework.test.annotation.ProfileValueUtils - Retrieved @ProfileValueSourceConfiguration [null] for test class [com.sento.organisations.OrgServiceRestControllerDeleteTest]
21:49:17.177 [Test worker] DEBUG org.springframework.test.annotation.ProfileValueUtils - Retrieved ProfileValueSource type [class org.springframework.test.annotation.SystemProfileValueSource] for class [com.sento.organisations.OrgServiceRestControllerDeleteTest]
21:49:17.222 [Test worker] DEBUG org.springframework.test.context.support.TestPropertySourceUtils - Adding inlined properties to environment: {spring.jmx.enabled=false, org.springframework.boot.test.context.SpringBootTestContextBootstrapper=true, server.port=-1}
2019-01-22 21:49:19.308  INFO 24188 --- [    Test worker] trationDelegate$BeanPostProcessorChecker : Bean 'configurationPropertiesRebinderAutoConfiguration' of type [org.springframework.cloud.autoconfigure.ConfigurationPropertiesRebinderAutoConfiguration$$EnhancerBySpringCGLIB$$77a518f9] is not eligible for getting processed by all BeanPostProcessors (for example: not eligible for auto-proxying)

  .   ____          _            __ _ _
 /\\ / ___'_ __ _ _(_)_ __  __ _ \ \ \ \
( ( )\___ | '_ | '_| | '_ \/ _` | \ \ \ \
 \\/  ___)| |_)| | | | | || (_| |  ) ) ) )
  '  |____| .__|_| |_|_| |_\__, | / / / /
 =========|_|==============|___/=/_/_/_/
 :: Spring Boot ::        (v2.1.2.RELEASE)

2019-01-22 21:49:20.468  INFO 24188 --- [    Test worker] c.c.c.ConfigServicePropertySourceLocator : Fetching config from server at : http://localhost:8888
2019-01-22 21:49:21.592  INFO 24188 --- [    Test worker] c.c.c.ConfigServicePropertySourceLocator : Located environment: name=organisationsservice, profiles=[default], label=null, version=null, state=null
2019-01-22 21:49:21.593  INFO 24188 --- [    Test worker] b.c.PropertySourceBootstrapConfiguration : Located property source: CompositePropertySource {name='configService', propertySources=[MapPropertySource {name='file:///C:/Users/PETERGreaves/Documents/sento-dev/configurations/organisations-service/organisationsservice.yml'}]}
2019-01-22 21:49:21.665  INFO 24188 --- [    Test worker] c.s.o.OrgServiceRestControllerDeleteTest : The following profiles are active: default
2019-01-22 21:49:22.270  INFO 24188 --- [    Test worker] .s.d.r.c.RepositoryConfigurationDelegate : Bootstrapping Spring Data repositories in DEFAULT mode.
2019-01-22 21:49:22.357  INFO 24188 --- [    Test worker] .s.d.r.c.RepositoryConfigurationDelegate : Finished Spring Data repository scanning in 77ms. Found 1 repository interfaces.
2019-01-22 21:49:22.693  INFO 24188 --- [    Test worker] o.s.cloud.context.scope.GenericScope     : BeanFactory id=b2c17687-da97-32c1-8e69-73bb82f0e0d4
2019-01-22 21:49:22.866  INFO 24188 --- [    Test worker] trationDelegate$BeanPostProcessorChecker : Bean 'org.springframework.transaction.annotation.ProxyTransactionManagementConfiguration' of type [org.springframework.transaction.annotation.ProxyTransactionManagementConfiguration$$EnhancerBySpringCGLIB$$5b8b15fc] is not eligible for getting processed by all BeanPostProcessors (for example: not eligible for auto-proxying)
2019-01-22 21:49:22.932  INFO 24188 --- [    Test worker] trationDelegate$BeanPostProcessorChecker : Bean 'org.springframework.cloud.autoconfigure.ConfigurationPropertiesRebinderAutoConfiguration' of type [org.springframework.cloud.autoconfigure.ConfigurationPropertiesRebinderAutoConfiguration$$EnhancerBySpringCGLIB$$77a518f9] is not eligible for getting processed by all BeanPostProcessors (for example: not eligible for auto-proxying)
2019-01-22 21:49:23.339  INFO 24188 --- [    Test worker] com.zaxxer.hikari.HikariDataSource       : HikariPool-1 - Starting...
2019-01-22 21:49:23.449  INFO 24188 --- [    Test worker] com.zaxxer.hikari.HikariDataSource       : HikariPool-1 - Start completed.
2019-01-22 21:49:23.615  INFO 24188 --- [    Test worker] o.hibernate.jpa.internal.util.LogHelper  : HHH000204: Processing PersistenceUnitInfo [
	name: default
	...]
2019-01-22 21:49:23.757  INFO 24188 --- [    Test worker] org.hibernate.Version                    : HHH000412: Hibernate Core {5.3.7.Final}
2019-01-22 21:49:23.759  INFO 24188 --- [    Test worker] org.hibernate.cfg.Environment            : HHH000206: hibernate.properties not found
2019-01-22 21:49:24.007  INFO 24188 --- [    Test worker] o.hibernate.annotations.common.Version   : HCANN000001: Hibernate Commons Annotations {5.0.4.Final}
2019-01-22 21:49:24.338  INFO 24188 --- [    Test worker] org.hibernate.dialect.Dialect            : HHH000400: Using dialect: org.hibernate.dialect.MariaDBDialect
2019-01-22 21:49:25.433  INFO 24188 --- [    Test worker] j.LocalContainerEntityManagerFactoryBean : Initialized JPA EntityManagerFactory for persistence unit 'default'
2019-01-22 21:49:26.852  INFO 24188 --- [    Test worker] o.s.s.concurrent.ThreadPoolTaskExecutor  : Initializing ExecutorService 'applicationTaskExecutor'
2019-01-22 21:49:26.940  WARN 24188 --- [    Test worker] aWebConfiguration$JpaWebMvcConfiguration : spring.jpa.open-in-view is enabled by default. Therefore, database queries may be performed during view rendering. Explicitly configure spring.jpa.open-in-view to disable this warning
2019-01-22 21:49:28.952  INFO 24188 --- [    Test worker] c.s.o.OrgServiceRestControllerDeleteTest : Started OrgServiceRestControllerDeleteTest in 11.712 seconds (JVM running for 13.664)
2019-01-22 21:49:29.086  INFO 24188 --- [    Test worker] o.s.b.t.m.w.SpringBootMockServletContext : Initializing Spring TestDispatcherServlet ''
2019-01-22 21:49:29.091  INFO 24188 --- [    Test worker] o.s.t.web.servlet.TestDispatcherServlet  : Initializing Servlet ''
2019-01-22 21:49:29.115  INFO 24188 --- [    Test worker] o.s.t.web.servlet.TestDispatcherServlet  : Completed initialization in 22 ms
2019-01-22 21:49:29.225  INFO 24188 --- [    Test worker] o.h.h.i.QueryTranslatorFactoryInitiator  : HHH000397: Using ASTQueryTranslatorFactory
2019-01-22 21:49:29.389 DEBUG 24188 --- [    Test worker] org.hibernate.SQL                        : select organisati0_.id as id1_0_, organisati0_.email as email2_0_, organisati0_.contact_name as contact_3_0_, organisati0_.contact_phone as contact_4_0_, organisati0_.name as name5_0_, organisati0_.org_id as org_id6_0_ from organisations organisati0_ where organisati0_.org_id=?
Hibernate: select organisati0_.id as id1_0_, organisati0_.email as email2_0_, organisati0_.contact_name as contact_3_0_, organisati0_.contact_phone as contact_4_0_, organisati0_.name as name5_0_, organisati0_.org_id as org_id6_0_ from organisations organisati0_ where organisati0_.org_id=?
2019-01-22 21:49:29.434 DEBUG 24188 --- [    Test worker] org.hibernate.SQL                        : select organisati0_.id as id1_0_, organisati0_.email as email2_0_, organisati0_.contact_name as contact_3_0_, organisati0_.contact_phone as contact_4_0_, organisati0_.name as name5_0_, organisati0_.org_id as org_id6_0_ from organisations organisati0_ where organisati0_.org_id=?
Hibernate: select organisati0_.id as id1_0_, organisati0_.email as email2_0_, organisati0_.contact_name as contact_3_0_, organisati0_.contact_phone as contact_4_0_, organisati0_.name as name5_0_, organisati0_.org_id as org_id6_0_ from organisations organisati0_ where organisati0_.org_id=?
2019-01-22 21:49:29.460 DEBUG 24188 --- [    Test worker] org.hibernate.SQL                        : delete from organisations where id=?
Hibernate: delete from organisations where id=?
2019-01-22 21:49:29.511  INFO 24188 --- [    Test worker] o.s.b.t.m.w.SpringBootMockServletContext : Initializing Spring TestDispatcherServlet ''
2019-01-22 21:49:29.511  INFO 24188 --- [    Test worker] o.s.t.web.servlet.TestDispatcherServlet  : Initializing Servlet ''
2019-01-22 21:49:29.515  INFO 24188 --- [    Test worker] o.s.t.web.servlet.TestDispatcherServlet  : Completed initialization in 4 ms
2019-01-22 21:49:29.523  INFO 24188 --- [    Test worker] o.s.b.t.m.w.SpringBootMockServletContext : Initializing Spring TestDispatcherServlet ''
2019-01-22 21:49:29.525  INFO 24188 --- [    Test worker] o.s.t.web.servlet.TestDispatcherServlet  : Initializing Servlet ''
2019-01-22 21:49:29.529  INFO 24188 --- [    Test worker] o.s.t.web.servlet.TestDispatcherServlet  : Completed initialization in 4 ms
2019-01-22 21:49:29.537 DEBUG 24188 --- [    Test worker] org.hibernate.SQL                        : select organisati0_.id as id1_0_, organisati0_.email as email2_0_, organisati0_.contact_name as contact_3_0_, organisati0_.contact_phone as contact_4_0_, organisati0_.name as name5_0_, organisati0_.org_id as org_id6_0_ from organisations organisati0_ where organisati0_.org_id=?
Hibernate: select organisati0_.id as id1_0_, organisati0_.email as email2_0_, organisati0_.contact_name as contact_3_0_, organisati0_.contact_phone as contact_4_0_, organisati0_.name as name5_0_, organisati0_.org_id as org_id6_0_ from organisations organisati0_ where organisati0_.org_id=?
2019-01-22 21:49:29.554  INFO 24188 --- [    Test worker] o.s.b.t.m.w.SpringBootMockServletContext : Initializing Spring TestDispatcherServlet ''
2019-01-22 21:49:29.555  INFO 24188 --- [    Test worker] o.s.t.web.servlet.TestDispatcherServlet  : Initializing Servlet ''
2019-01-22 21:49:29.559  INFO 24188 --- [    Test worker] o.s.t.web.servlet.TestDispatcherServlet  : Completed initialization in 4 ms
]]></system-out>
  <system-err><![CDATA[]]></system-err>
</testsuite>
