<?xml version="1.0" encoding="UTF-8"?>
<testsuite name="com.sento.organisations.OrgServiceRestControllerGetTest" tests="5" skipped="0" failures="0" errors="0" timestamp="2019-02-20T21:00:22" hostname="DESKTOP-M81G07M" time="0.121">
  <properties/>
  <testcase name="get404AndErrorIfNoOrgById" classname="com.sento.organisations.OrgServiceRestControllerGetTest" time="0.021"/>
  <testcase name="getOrgsList" classname="com.sento.organisations.OrgServiceRestControllerGetTest" time="0.031"/>
  <testcase name="getOrgsListNoSlash" classname="com.sento.organisations.OrgServiceRestControllerGetTest" time="0.02"/>
  <testcase name="getAnOrgById" classname="com.sento.organisations.OrgServiceRestControllerGetTest" time="0.022"/>
  <testcase name="getAnOrgByIdNoSlash" classname="com.sento.organisations.OrgServiceRestControllerGetTest" time="0.022"/>
  <system-out><![CDATA[2019-02-20 21:00:22.594  INFO 5292 --- [    Test worker] .b.t.c.SpringBootTestContextBootstrapper : Neither @ContextConfiguration nor @ContextHierarchy found for test class [com.sento.organisations.OrgServiceRestControllerGetTest], using SpringBootContextLoader
2019-02-20 21:00:22.596  INFO 5292 --- [    Test worker] o.s.t.c.support.AbstractContextLoader    : Could not detect default resource locations for test class [com.sento.organisations.OrgServiceRestControllerGetTest]: no resource found for suffixes {-context.xml, Context.groovy}.
2019-02-20 21:00:22.599  INFO 5292 --- [    Test worker] .b.t.c.SpringBootTestContextBootstrapper : Loaded default TestExecutionListener class names from location [META-INF/spring.factories]: [org.springframework.boot.test.autoconfigure.restdocs.RestDocsTestExecutionListener, org.springframework.boot.test.autoconfigure.web.client.MockRestServiceServerResetTestExecutionListener, org.springframework.boot.test.autoconfigure.web.servlet.MockMvcPrintOnlyOnFailureTestExecutionListener, org.springframework.boot.test.autoconfigure.web.servlet.WebDriverTestExecutionListener, org.springframework.boot.test.mock.mockito.MockitoTestExecutionListener, org.springframework.boot.test.mock.mockito.ResetMocksTestExecutionListener, org.springframework.test.context.web.ServletTestExecutionListener, org.springframework.test.context.support.DirtiesContextBeforeModesTestExecutionListener, org.springframework.test.context.support.DependencyInjectionTestExecutionListener, org.springframework.test.context.support.DirtiesContextTestExecutionListener, org.springframework.test.context.transaction.TransactionalTestExecutionListener, org.springframework.test.context.jdbc.SqlScriptsTestExecutionListener]
2019-02-20 21:00:22.600  INFO 5292 --- [    Test worker] .b.t.c.SpringBootTestContextBootstrapper : Using TestExecutionListeners: [org.springframework.test.context.web.ServletTestExecutionListener@201a17a8, org.springframework.test.context.support.DirtiesContextBeforeModesTestExecutionListener@2ed8072d, org.springframework.boot.test.mock.mockito.MockitoTestExecutionListener@291d42ec, org.springframework.boot.test.autoconfigure.SpringBootDependencyInjectionTestExecutionListener@7c3f08e4, org.springframework.test.context.support.DirtiesContextTestExecutionListener@c68e79c, org.springframework.test.context.transaction.TransactionalTestExecutionListener@62676853, org.springframework.test.context.jdbc.SqlScriptsTestExecutionListener@212e5cd1, org.springframework.boot.test.autoconfigure.restdocs.RestDocsTestExecutionListener@25521838, org.springframework.boot.test.autoconfigure.web.client.MockRestServiceServerResetTestExecutionListener@6e4d5f09, org.springframework.boot.test.autoconfigure.web.servlet.MockMvcPrintOnlyOnFailureTestExecutionListener@37b19763, org.springframework.boot.test.autoconfigure.web.servlet.WebDriverTestExecutionListener@64aa8d90, org.springframework.boot.test.mock.mockito.ResetMocksTestExecutionListener@510cdae5]
2019-02-20 21:00:22.606  INFO 5292 --- [    Test worker] o.s.b.t.m.w.SpringBootMockServletContext : Initializing Spring TestDispatcherServlet ''
2019-02-20 21:00:22.607  INFO 5292 --- [    Test worker] o.s.t.web.servlet.TestDispatcherServlet  : Initializing Servlet ''
2019-02-20 21:00:22.610  INFO 5292 --- [    Test worker] o.s.t.web.servlet.TestDispatcherServlet  : Completed initialization in 3 ms
2019-02-20 21:00:22.619 DEBUG 5292 --- [    Test worker] org.hibernate.SQL                        : select organisati0_.id as id1_0_, organisati0_.email as email2_0_, organisati0_.contact_name as contact_3_0_, organisati0_.contact_phone as contact_4_0_, organisati0_.name as name5_0_, organisati0_.org_id as org_id6_0_ from organisations organisati0_ where organisati0_.org_id=?
Hibernate: select organisati0_.id as id1_0_, organisati0_.email as email2_0_, organisati0_.contact_name as contact_3_0_, organisati0_.contact_phone as contact_4_0_, organisati0_.name as name5_0_, organisati0_.org_id as org_id6_0_ from organisations organisati0_ where organisati0_.org_id=?
2019-02-20 21:00:22.629  INFO 5292 --- [    Test worker] o.s.b.t.m.w.SpringBootMockServletContext : Initializing Spring TestDispatcherServlet ''
2019-02-20 21:00:22.630  INFO 5292 --- [    Test worker] o.s.t.web.servlet.TestDispatcherServlet  : Initializing Servlet ''
2019-02-20 21:00:22.634  INFO 5292 --- [    Test worker] o.s.t.web.servlet.TestDispatcherServlet  : Completed initialization in 4 ms
2019-02-20 21:00:22.648 DEBUG 5292 --- [    Test worker] org.hibernate.SQL                        : select organisati0_.id as id1_0_, organisati0_.email as email2_0_, organisati0_.contact_name as contact_3_0_, organisati0_.contact_phone as contact_4_0_, organisati0_.name as name5_0_, organisati0_.org_id as org_id6_0_ from organisations organisati0_
Hibernate: select organisati0_.id as id1_0_, organisati0_.email as email2_0_, organisati0_.contact_name as contact_3_0_, organisati0_.contact_phone as contact_4_0_, organisati0_.name as name5_0_, organisati0_.org_id as org_id6_0_ from organisations organisati0_
2019-02-20 21:00:22.661  INFO 5292 --- [    Test worker] o.s.b.t.m.w.SpringBootMockServletContext : Initializing Spring TestDispatcherServlet ''
2019-02-20 21:00:22.661  INFO 5292 --- [    Test worker] o.s.t.web.servlet.TestDispatcherServlet  : Initializing Servlet ''
2019-02-20 21:00:22.663  INFO 5292 --- [    Test worker] o.s.t.web.servlet.TestDispatcherServlet  : Completed initialization in 2 ms
2019-02-20 21:00:22.672 DEBUG 5292 --- [    Test worker] org.hibernate.SQL                        : select organisati0_.id as id1_0_, organisati0_.email as email2_0_, organisati0_.contact_name as contact_3_0_, organisati0_.contact_phone as contact_4_0_, organisati0_.name as name5_0_, organisati0_.org_id as org_id6_0_ from organisations organisati0_
Hibernate: select organisati0_.id as id1_0_, organisati0_.email as email2_0_, organisati0_.contact_name as contact_3_0_, organisati0_.contact_phone as contact_4_0_, organisati0_.name as name5_0_, organisati0_.org_id as org_id6_0_ from organisations organisati0_
2019-02-20 21:00:22.681  INFO 5292 --- [    Test worker] o.s.b.t.m.w.SpringBootMockServletContext : Initializing Spring TestDispatcherServlet ''
2019-02-20 21:00:22.682  INFO 5292 --- [    Test worker] o.s.t.web.servlet.TestDispatcherServlet  : Initializing Servlet ''
2019-02-20 21:00:22.685  INFO 5292 --- [    Test worker] o.s.t.web.servlet.TestDispatcherServlet  : Completed initialization in 2 ms
2019-02-20 21:00:22.695 DEBUG 5292 --- [    Test worker] org.hibernate.SQL                        : select organisati0_.id as id1_0_, organisati0_.email as email2_0_, organisati0_.contact_name as contact_3_0_, organisati0_.contact_phone as contact_4_0_, organisati0_.name as name5_0_, organisati0_.org_id as org_id6_0_ from organisations organisati0_ where organisati0_.org_id=?
Hibernate: select organisati0_.id as id1_0_, organisati0_.email as email2_0_, organisati0_.contact_name as contact_3_0_, organisati0_.contact_phone as contact_4_0_, organisati0_.name as name5_0_, organisati0_.org_id as org_id6_0_ from organisations organisati0_ where organisati0_.org_id=?
2019-02-20 21:00:22.704  INFO 5292 --- [    Test worker] o.s.b.t.m.w.SpringBootMockServletContext : Initializing Spring TestDispatcherServlet ''
2019-02-20 21:00:22.704  INFO 5292 --- [    Test worker] o.s.t.web.servlet.TestDispatcherServlet  : Initializing Servlet ''
2019-02-20 21:00:22.707  INFO 5292 --- [    Test worker] o.s.t.web.servlet.TestDispatcherServlet  : Completed initialization in 3 ms
2019-02-20 21:00:22.718 DEBUG 5292 --- [    Test worker] org.hibernate.SQL                        : select organisati0_.id as id1_0_, organisati0_.email as email2_0_, organisati0_.contact_name as contact_3_0_, organisati0_.contact_phone as contact_4_0_, organisati0_.name as name5_0_, organisati0_.org_id as org_id6_0_ from organisations organisati0_ where organisati0_.org_id=?
Hibernate: select organisati0_.id as id1_0_, organisati0_.email as email2_0_, organisati0_.contact_name as contact_3_0_, organisati0_.contact_phone as contact_4_0_, organisati0_.name as name5_0_, organisati0_.org_id as org_id6_0_ from organisations organisati0_ where organisati0_.org_id=?
]]></system-out>
  <system-err><![CDATA[]]></system-err>
</testsuite>
