<?xml version="1.0" encoding="UTF-8"?>
<testsuite name="com.sento.organisations.OrgServiceRestControllerDeleteTest" tests="2" skipped="0" failures="0" errors="0" timestamp="2019-02-20T21:00:22" hostname="DESKTOP-M81G07M" time="0.079">
  <properties/>
  <testcase name="deleteOrg" classname="com.sento.organisations.OrgServiceRestControllerDeleteTest" time="0.052"/>
  <testcase name="deleteOrgReturns404IfNotFound" classname="com.sento.organisations.OrgServiceRestControllerDeleteTest" time="0.026"/>
  <system-out><![CDATA[2019-02-20 21:00:22.503  INFO 5292 --- [    Test worker] .b.t.c.SpringBootTestContextBootstrapper : Neither @ContextConfiguration nor @ContextHierarchy found for test class [com.sento.organisations.OrgServiceRestControllerDeleteTest], using SpringBootContextLoader
2019-02-20 21:00:22.505  INFO 5292 --- [    Test worker] o.s.t.c.support.AbstractContextLoader    : Could not detect default resource locations for test class [com.sento.organisations.OrgServiceRestControllerDeleteTest]: no resource found for suffixes {-context.xml, Context.groovy}.
2019-02-20 21:00:22.509  INFO 5292 --- [    Test worker] .b.t.c.SpringBootTestContextBootstrapper : Loaded default TestExecutionListener class names from location [META-INF/spring.factories]: [org.springframework.boot.test.autoconfigure.restdocs.RestDocsTestExecutionListener, org.springframework.boot.test.autoconfigure.web.client.MockRestServiceServerResetTestExecutionListener, org.springframework.boot.test.autoconfigure.web.servlet.MockMvcPrintOnlyOnFailureTestExecutionListener, org.springframework.boot.test.autoconfigure.web.servlet.WebDriverTestExecutionListener, org.springframework.boot.test.mock.mockito.MockitoTestExecutionListener, org.springframework.boot.test.mock.mockito.ResetMocksTestExecutionListener, org.springframework.test.context.web.ServletTestExecutionListener, org.springframework.test.context.support.DirtiesContextBeforeModesTestExecutionListener, org.springframework.test.context.support.DependencyInjectionTestExecutionListener, org.springframework.test.context.support.DirtiesContextTestExecutionListener, org.springframework.test.context.transaction.TransactionalTestExecutionListener, org.springframework.test.context.jdbc.SqlScriptsTestExecutionListener]
2019-02-20 21:00:22.509  INFO 5292 --- [    Test worker] .b.t.c.SpringBootTestContextBootstrapper : Using TestExecutionListeners: [org.springframework.test.context.web.ServletTestExecutionListener@7ca8403, org.springframework.test.context.support.DirtiesContextBeforeModesTestExecutionListener@20a7b0d9, org.springframework.boot.test.mock.mockito.MockitoTestExecutionListener@6eca013a, org.springframework.boot.test.autoconfigure.SpringBootDependencyInjectionTestExecutionListener@179593e, org.springframework.test.context.support.DirtiesContextTestExecutionListener@52c03f8e, org.springframework.test.context.transaction.TransactionalTestExecutionListener@4f7c7c77, org.springframework.test.context.jdbc.SqlScriptsTestExecutionListener@71816773, org.springframework.boot.test.autoconfigure.restdocs.RestDocsTestExecutionListener@3a7a70d4, org.springframework.boot.test.autoconfigure.web.client.MockRestServiceServerResetTestExecutionListener@6995045a, org.springframework.boot.test.autoconfigure.web.servlet.MockMvcPrintOnlyOnFailureTestExecutionListener@45a642db, org.springframework.boot.test.autoconfigure.web.servlet.WebDriverTestExecutionListener@3f660fe3, org.springframework.boot.test.mock.mockito.ResetMocksTestExecutionListener@5673240b]
2019-02-20 21:00:22.514  INFO 5292 --- [    Test worker] o.s.b.t.m.w.SpringBootMockServletContext : Initializing Spring TestDispatcherServlet ''
2019-02-20 21:00:22.515  INFO 5292 --- [    Test worker] o.s.t.web.servlet.TestDispatcherServlet  : Initializing Servlet ''
2019-02-20 21:00:22.518  INFO 5292 --- [    Test worker] o.s.t.web.servlet.TestDispatcherServlet  : Completed initialization in 3 ms
2019-02-20 21:00:22.525 DEBUG 5292 --- [    Test worker] org.hibernate.SQL                        : select organisati0_.id as id1_0_, organisati0_.email as email2_0_, organisati0_.contact_name as contact_3_0_, organisati0_.contact_phone as contact_4_0_, organisati0_.name as name5_0_, organisati0_.org_id as org_id6_0_ from organisations organisati0_ where organisati0_.org_id=?
Hibernate: select organisati0_.id as id1_0_, organisati0_.email as email2_0_, organisati0_.contact_name as contact_3_0_, organisati0_.contact_phone as contact_4_0_, organisati0_.name as name5_0_, organisati0_.org_id as org_id6_0_ from organisations organisati0_ where organisati0_.org_id=?
2019-02-20 21:00:22.527 DEBUG 5292 --- [    Test worker] org.hibernate.SQL                        : select organisati0_.id as id1_0_, organisati0_.email as email2_0_, organisati0_.contact_name as contact_3_0_, organisati0_.contact_phone as contact_4_0_, organisati0_.name as name5_0_, organisati0_.org_id as org_id6_0_ from organisations organisati0_ where organisati0_.org_id=?
Hibernate: select organisati0_.id as id1_0_, organisati0_.email as email2_0_, organisati0_.contact_name as contact_3_0_, organisati0_.contact_phone as contact_4_0_, organisati0_.name as name5_0_, organisati0_.org_id as org_id6_0_ from organisations organisati0_ where organisati0_.org_id=?
2019-02-20 21:00:22.550 DEBUG 5292 --- [    Test worker] org.hibernate.SQL                        : delete from organisations where id=?
Hibernate: delete from organisations where id=?
2019-02-20 21:00:22.558  INFO 5292 --- [    Test worker] o.s.b.t.m.w.SpringBootMockServletContext : Initializing Spring TestDispatcherServlet ''
2019-02-20 21:00:22.558  INFO 5292 --- [    Test worker] o.s.t.web.servlet.TestDispatcherServlet  : Initializing Servlet ''
2019-02-20 21:00:22.562  INFO 5292 --- [    Test worker] o.s.t.web.servlet.TestDispatcherServlet  : Completed initialization in 4 ms
2019-02-20 21:00:22.568  INFO 5292 --- [    Test worker] o.s.b.t.m.w.SpringBootMockServletContext : Initializing Spring TestDispatcherServlet ''
2019-02-20 21:00:22.569  INFO 5292 --- [    Test worker] o.s.t.web.servlet.TestDispatcherServlet  : Initializing Servlet ''
2019-02-20 21:00:22.573  INFO 5292 --- [    Test worker] o.s.t.web.servlet.TestDispatcherServlet  : Completed initialization in 4 ms
2019-02-20 21:00:22.578 DEBUG 5292 --- [    Test worker] org.hibernate.SQL                        : select organisati0_.id as id1_0_, organisati0_.email as email2_0_, organisati0_.contact_name as contact_3_0_, organisati0_.contact_phone as contact_4_0_, organisati0_.name as name5_0_, organisati0_.org_id as org_id6_0_ from organisations organisati0_ where organisati0_.org_id=?
Hibernate: select organisati0_.id as id1_0_, organisati0_.email as email2_0_, organisati0_.contact_name as contact_3_0_, organisati0_.contact_phone as contact_4_0_, organisati0_.name as name5_0_, organisati0_.org_id as org_id6_0_ from organisations organisati0_ where organisati0_.org_id=?
2019-02-20 21:00:22.584  INFO 5292 --- [    Test worker] o.s.b.t.m.w.SpringBootMockServletContext : Initializing Spring TestDispatcherServlet ''
2019-02-20 21:00:22.585  INFO 5292 --- [    Test worker] o.s.t.web.servlet.TestDispatcherServlet  : Initializing Servlet ''
2019-02-20 21:00:22.589  INFO 5292 --- [    Test worker] o.s.t.web.servlet.TestDispatcherServlet  : Completed initialization in 4 ms
]]></system-out>
  <system-err><![CDATA[]]></system-err>
</testsuite>
