<?xml version="1.0" encoding="UTF-8"?>
<testsuite name="com.sento.organisations.OrgServiceRestControllerCreateTest" tests="4" skipped="0" failures="0" errors="0" timestamp="2019-01-23T16:51:15" hostname="DESKTOP-M81G07M" time="0.706">
  <properties/>
  <testcase name="createOrgReturns405IfOrgIdMismatch" classname="com.sento.organisations.OrgServiceRestControllerCreateTest" time="0.179"/>
  <testcase name="createOrganisation" classname="com.sento.organisations.OrgServiceRestControllerCreateTest" time="0.454"/>
  <testcase name="createOrganisationFromJson" classname="com.sento.organisations.OrgServiceRestControllerCreateTest" time="0.026"/>
  <testcase name="receive409IfOrgExists" classname="com.sento.organisations.OrgServiceRestControllerCreateTest" time="0.043"/>
  <system-out><![CDATA[16:51:01.400 [Test worker] DEBUG org.springframework.test.context.junit4.SpringJUnit4ClassRunner - SpringJUnit4ClassRunner constructor called with [class com.sento.organisations.OrgServiceRestControllerCreateTest]
16:51:01.414 [Test worker] DEBUG org.springframework.test.context.BootstrapUtils - Instantiating CacheAwareContextLoaderDelegate from class [org.springframework.test.context.cache.DefaultCacheAwareContextLoaderDelegate]
16:51:01.425 [Test worker] DEBUG org.springframework.test.context.BootstrapUtils - Instantiating BootstrapContext using constructor [public org.springframework.test.context.support.DefaultBootstrapContext(java.lang.Class,org.springframework.test.context.CacheAwareContextLoaderDelegate)]
16:51:01.450 [Test worker] DEBUG org.springframework.test.context.BootstrapUtils - Instantiating TestContextBootstrapper for test class [com.sento.organisations.OrgServiceRestControllerCreateTest] from class [org.springframework.boot.test.context.SpringBootTestContextBootstrapper]
16:51:01.465 [Test worker] INFO org.springframework.boot.test.context.SpringBootTestContextBootstrapper - Neither @ContextConfiguration nor @ContextHierarchy found for test class [com.sento.organisations.OrgServiceRestControllerCreateTest], using SpringBootContextLoader
16:51:01.470 [Test worker] DEBUG org.springframework.test.context.support.AbstractContextLoader - Did not detect default resource location for test class [com.sento.organisations.OrgServiceRestControllerCreateTest]: class path resource [com/sento/organisations/OrgServiceRestControllerCreateTest-context.xml] does not exist
16:51:01.471 [Test worker] DEBUG org.springframework.test.context.support.AbstractContextLoader - Did not detect default resource location for test class [com.sento.organisations.OrgServiceRestControllerCreateTest]: class path resource [com/sento/organisations/OrgServiceRestControllerCreateTestContext.groovy] does not exist
16:51:01.471 [Test worker] INFO org.springframework.test.context.support.AbstractContextLoader - Could not detect default resource locations for test class [com.sento.organisations.OrgServiceRestControllerCreateTest]: no resource found for suffixes {-context.xml, Context.groovy}.
16:51:01.544 [Test worker] DEBUG org.springframework.test.context.support.ActiveProfilesUtils - Could not find an 'annotation declaring class' for annotation type [org.springframework.test.context.ActiveProfiles] and class [com.sento.organisations.OrgServiceRestControllerCreateTest]
16:51:01.761 [Test worker] DEBUG org.springframework.boot.test.context.SpringBootTestContextBootstrapper - @TestExecutionListeners is not present for class [com.sento.organisations.OrgServiceRestControllerCreateTest]: using defaults.
16:51:01.762 [Test worker] INFO org.springframework.boot.test.context.SpringBootTestContextBootstrapper - Loaded default TestExecutionListener class names from location [META-INF/spring.factories]: [org.springframework.boot.test.autoconfigure.restdocs.RestDocsTestExecutionListener, org.springframework.boot.test.autoconfigure.web.client.MockRestServiceServerResetTestExecutionListener, org.springframework.boot.test.autoconfigure.web.servlet.MockMvcPrintOnlyOnFailureTestExecutionListener, org.springframework.boot.test.autoconfigure.web.servlet.WebDriverTestExecutionListener, org.springframework.boot.test.mock.mockito.MockitoTestExecutionListener, org.springframework.boot.test.mock.mockito.ResetMocksTestExecutionListener, org.springframework.test.context.web.ServletTestExecutionListener, org.springframework.test.context.support.DirtiesContextBeforeModesTestExecutionListener, org.springframework.test.context.support.DependencyInjectionTestExecutionListener, org.springframework.test.context.support.DirtiesContextTestExecutionListener, org.springframework.test.context.transaction.TransactionalTestExecutionListener, org.springframework.test.context.jdbc.SqlScriptsTestExecutionListener]
16:51:01.793 [Test worker] INFO org.springframework.boot.test.context.SpringBootTestContextBootstrapper - Using TestExecutionListeners: [org.springframework.test.context.web.ServletTestExecutionListener@73f51806, org.springframework.test.context.support.DirtiesContextBeforeModesTestExecutionListener@6fa65b80, org.springframework.boot.test.mock.mockito.MockitoTestExecutionListener@7a1d7578, org.springframework.boot.test.autoconfigure.SpringBootDependencyInjectionTestExecutionListener@1e4acac1, org.springframework.test.context.support.DirtiesContextTestExecutionListener@45a4c426, org.springframework.test.context.transaction.TransactionalTestExecutionListener@1803ed49, org.springframework.test.context.jdbc.SqlScriptsTestExecutionListener@924fd84, org.springframework.boot.test.autoconfigure.restdocs.RestDocsTestExecutionListener@41f022a3, org.springframework.boot.test.autoconfigure.web.client.MockRestServiceServerResetTestExecutionListener@22164b4f, org.springframework.boot.test.autoconfigure.web.servlet.MockMvcPrintOnlyOnFailureTestExecutionListener@25f893e1, org.springframework.boot.test.autoconfigure.web.servlet.WebDriverTestExecutionListener@b1e8207, org.springframework.boot.test.mock.mockito.ResetMocksTestExecutionListener@4bbb5cfd]
16:51:01.798 [Test worker] DEBUG org.springframework.test.annotation.ProfileValueUtils - Retrieved @ProfileValueSourceConfiguration [null] for test class [com.sento.organisations.OrgServiceRestControllerCreateTest]
16:51:01.799 [Test worker] DEBUG org.springframework.test.annotation.ProfileValueUtils - Retrieved ProfileValueSource type [class org.springframework.test.annotation.SystemProfileValueSource] for class [com.sento.organisations.OrgServiceRestControllerCreateTest]
16:51:01.800 [Test worker] DEBUG org.springframework.test.annotation.ProfileValueUtils - Retrieved @ProfileValueSourceConfiguration [null] for test class [com.sento.organisations.OrgServiceRestControllerCreateTest]
16:51:01.801 [Test worker] DEBUG org.springframework.test.annotation.ProfileValueUtils - Retrieved ProfileValueSource type [class org.springframework.test.annotation.SystemProfileValueSource] for class [com.sento.organisations.OrgServiceRestControllerCreateTest]
16:51:01.810 [Test worker] DEBUG org.springframework.test.context.support.AbstractDirtiesContextTestExecutionListener - Before test class: context [DefaultTestContext@173723bc testClass = OrgServiceRestControllerCreateTest, testInstance = [null], testMethod = [null], testException = [null], mergedContextConfiguration = [WebMergedContextConfiguration@7efcb699 testClass = OrgServiceRestControllerCreateTest, locations = '{}', classes = '{class com.sento.organisations.OrganisationServiceApplication, class com.sento.organisations.OrganisationServiceApplication}', contextInitializerClasses = '[]', activeProfiles = '{}', propertySourceLocations = '{}', propertySourceProperties = '{org.springframework.boot.test.context.SpringBootTestContextBootstrapper=true}', contextCustomizers = set[org.springframework.boot.test.autoconfigure.properties.PropertyMappingContextCustomizer@0, org.springframework.boot.test.autoconfigure.web.servlet.WebDriverContextCustomizerFactory$Customizer@5bd35ad3, org.springframework.boot.test.context.filter.ExcludeFilterContextCustomizer@3813fd11, org.springframework.boot.test.json.DuplicateJsonObjectContextCustomizerFactory$DuplicateJsonObjectContextCustomizer@e36afa9, org.springframework.boot.test.mock.mockito.MockitoContextCustomizer@0, org.springframework.boot.test.web.client.TestRestTemplateContextCustomizer@53e3ba92, org.springframework.test.context.web.socket.MockServerContainerContextCustomizer@607a49cc], resourceBasePath = 'src/main/webapp', contextLoader = 'org.springframework.boot.test.context.SpringBootContextLoader', parent = [null]], attributes = map['org.springframework.test.context.web.ServletTestExecutionListener.activateListener' -> true]], class annotated with @DirtiesContext [false] with mode [null].
16:51:01.811 [Test worker] DEBUG org.springframework.test.annotation.ProfileValueUtils - Retrieved @ProfileValueSourceConfiguration [null] for test class [com.sento.organisations.OrgServiceRestControllerCreateTest]
16:51:01.812 [Test worker] DEBUG org.springframework.test.annotation.ProfileValueUtils - Retrieved ProfileValueSource type [class org.springframework.test.annotation.SystemProfileValueSource] for class [com.sento.organisations.OrgServiceRestControllerCreateTest]
16:51:01.856 [Test worker] DEBUG org.springframework.test.context.support.TestPropertySourceUtils - Adding inlined properties to environment: {spring.jmx.enabled=false, org.springframework.boot.test.context.SpringBootTestContextBootstrapper=true, server.port=-1}
2019-01-23 16:51:03.851  INFO 23452 --- [    Test worker] trationDelegate$BeanPostProcessorChecker : Bean 'configurationPropertiesRebinderAutoConfiguration' of type [org.springframework.cloud.autoconfigure.ConfigurationPropertiesRebinderAutoConfiguration$$EnhancerBySpringCGLIB$$a5d2ddff] is not eligible for getting processed by all BeanPostProcessors (for example: not eligible for auto-proxying)

  .   ____          _            __ _ _
 /\\ / ___'_ __ _ _(_)_ __  __ _ \ \ \ \
( ( )\___ | '_ | '_| | '_ \/ _` | \ \ \ \
 \\/  ___)| |_)| | | | | || (_| |  ) ) ) )
  '  |____| .__|_| |_|_| |_\__, | / / / /
 =========|_|==============|___/=/_/_/_/
 :: Spring Boot ::        (v2.1.2.RELEASE)

2019-01-23 16:51:05.134  INFO 23452 --- [    Test worker] c.c.c.ConfigServicePropertySourceLocator : Fetching config from server at : http://localhost:8888
2019-01-23 16:51:06.788  INFO 23452 --- [    Test worker] c.c.c.ConfigServicePropertySourceLocator : Located environment: name=organisationsservice, profiles=[default], label=null, version=null, state=null
2019-01-23 16:51:06.789  INFO 23452 --- [    Test worker] b.c.PropertySourceBootstrapConfiguration : Located property source: CompositePropertySource {name='configService', propertySources=[MapPropertySource {name='file:///C:/Users/PETERGreaves/Documents/sento-dev/configurations/organisations-service/organisationsservice.yml'}]}
2019-01-23 16:51:06.863  INFO 23452 --- [    Test worker] c.s.o.OrgServiceRestControllerCreateTest : The following profiles are active: default
2019-01-23 16:51:07.526  INFO 23452 --- [    Test worker] .s.d.r.c.RepositoryConfigurationDelegate : Bootstrapping Spring Data repositories in DEFAULT mode.
2019-01-23 16:51:07.701  INFO 23452 --- [    Test worker] .s.d.r.c.RepositoryConfigurationDelegate : Finished Spring Data repository scanning in 162ms. Found 1 repository interfaces.
2019-01-23 16:51:08.054  INFO 23452 --- [    Test worker] o.s.cloud.context.scope.GenericScope     : BeanFactory id=57f00533-e7a3-3846-9077-a6a679124acf
2019-01-23 16:51:08.256  INFO 23452 --- [    Test worker] trationDelegate$BeanPostProcessorChecker : Bean 'org.springframework.transaction.annotation.ProxyTransactionManagementConfiguration' of type [org.springframework.transaction.annotation.ProxyTransactionManagementConfiguration$$EnhancerBySpringCGLIB$$89b8db02] is not eligible for getting processed by all BeanPostProcessors (for example: not eligible for auto-proxying)
2019-01-23 16:51:08.313  INFO 23452 --- [    Test worker] trationDelegate$BeanPostProcessorChecker : Bean 'org.springframework.cloud.autoconfigure.ConfigurationPropertiesRebinderAutoConfiguration' of type [org.springframework.cloud.autoconfigure.ConfigurationPropertiesRebinderAutoConfiguration$$EnhancerBySpringCGLIB$$a5d2ddff] is not eligible for getting processed by all BeanPostProcessors (for example: not eligible for auto-proxying)
2019-01-23 16:51:08.617  INFO 23452 --- [    Test worker] com.zaxxer.hikari.HikariDataSource       : HikariPool-1 - Starting...
2019-01-23 16:51:08.714  INFO 23452 --- [    Test worker] com.zaxxer.hikari.HikariDataSource       : HikariPool-1 - Start completed.
2019-01-23 16:51:08.842  INFO 23452 --- [    Test worker] o.hibernate.jpa.internal.util.LogHelper  : HHH000204: Processing PersistenceUnitInfo [
	name: default
	...]
2019-01-23 16:51:08.958  INFO 23452 --- [    Test worker] org.hibernate.Version                    : HHH000412: Hibernate Core {5.3.7.Final}
2019-01-23 16:51:08.961  INFO 23452 --- [    Test worker] org.hibernate.cfg.Environment            : HHH000206: hibernate.properties not found
2019-01-23 16:51:09.222  INFO 23452 --- [    Test worker] o.hibernate.annotations.common.Version   : HCANN000001: Hibernate Commons Annotations {5.0.4.Final}
2019-01-23 16:51:09.490  INFO 23452 --- [    Test worker] org.hibernate.dialect.Dialect            : HHH000400: Using dialect: org.hibernate.dialect.MariaDBDialect
2019-01-23 16:51:10.382  INFO 23452 --- [    Test worker] j.LocalContainerEntityManagerFactoryBean : Initialized JPA EntityManagerFactory for persistence unit 'default'
2019-01-23 16:51:11.258  WARN 23452 --- [    Test worker] c.n.c.sources.URLConfigurationSource     : No URLs will be polled as dynamic configuration sources.
2019-01-23 16:51:11.259  INFO 23452 --- [    Test worker] c.n.c.sources.URLConfigurationSource     : To enable URLs as dynamic configuration sources, define System property archaius.configurationSource.additionalUrls or make config.properties available on classpath.
2019-01-23 16:51:11.272  WARN 23452 --- [    Test worker] c.n.c.sources.URLConfigurationSource     : No URLs will be polled as dynamic configuration sources.
2019-01-23 16:51:11.273  INFO 23452 --- [    Test worker] c.n.c.sources.URLConfigurationSource     : To enable URLs as dynamic configuration sources, define System property archaius.configurationSource.additionalUrls or make config.properties available on classpath.
2019-01-23 16:51:12.131  INFO 23452 --- [    Test worker] o.s.s.concurrent.ThreadPoolTaskExecutor  : Initializing ExecutorService 'applicationTaskExecutor'
2019-01-23 16:51:12.242  WARN 23452 --- [    Test worker] aWebConfiguration$JpaWebMvcConfiguration : spring.jpa.open-in-view is enabled by default. Therefore, database queries may be performed during view rendering. Explicitly configure spring.jpa.open-in-view to disable this warning
2019-01-23 16:51:15.679  INFO 23452 --- [    Test worker] c.s.o.OrgServiceRestControllerCreateTest : Started OrgServiceRestControllerCreateTest in 13.808 seconds (JVM running for 15.818)
2019-01-23 16:51:15.798  INFO 23452 --- [    Test worker] o.s.b.t.m.w.SpringBootMockServletContext : Initializing Spring TestDispatcherServlet ''
2019-01-23 16:51:15.799  INFO 23452 --- [    Test worker] o.s.t.web.servlet.TestDispatcherServlet  : Initializing Servlet ''
2019-01-23 16:51:15.824  INFO 23452 --- [    Test worker] o.s.t.web.servlet.TestDispatcherServlet  : Completed initialization in 24 ms
2019-01-23 16:51:15.872  WARN 23452 --- [    Test worker] .w.s.m.s.DefaultHandlerExceptionResolver : Resolved [org.springframework.web.HttpRequestMethodNotSupportedException: Request method 'POST' not supported]
2019-01-23 16:51:15.895  INFO 23452 --- [    Test worker] o.s.b.t.m.w.SpringBootMockServletContext : Initializing Spring TestDispatcherServlet ''
2019-01-23 16:51:15.895  INFO 23452 --- [    Test worker] o.s.t.web.servlet.TestDispatcherServlet  : Initializing Servlet ''
2019-01-23 16:51:15.899  INFO 23452 --- [    Test worker] o.s.t.web.servlet.TestDispatcherServlet  : Completed initialization in 4 ms
2019-01-23 16:51:16.046  INFO 23452 --- [    Test worker] o.h.h.i.QueryTranslatorFactoryInitiator  : HHH000397: Using ASTQueryTranslatorFactory
2019-01-23 16:51:16.232 DEBUG 23452 --- [    Test worker] org.hibernate.SQL                        : select organisati0_.id as id1_0_, organisati0_.email as email2_0_, organisati0_.contact_name as contact_3_0_, organisati0_.contact_phone as contact_4_0_, organisati0_.name as name5_0_, organisati0_.org_id as org_id6_0_ from organisations organisati0_ where organisati0_.org_id=?
Hibernate: select organisati0_.id as id1_0_, organisati0_.email as email2_0_, organisati0_.contact_name as contact_3_0_, organisati0_.contact_phone as contact_4_0_, organisati0_.name as name5_0_, organisati0_.org_id as org_id6_0_ from organisations organisati0_ where organisati0_.org_id=?
2019-01-23 16:51:16.303 DEBUG 23452 --- [    Test worker] org.hibernate.SQL                        : insert into organisations (email, contact_name, contact_phone, name, org_id) values (?, ?, ?, ?, ?)
Hibernate: insert into organisations (email, contact_name, contact_phone, name, org_id) values (?, ?, ?, ?, ?)
2019-01-23 16:51:16.350  INFO 23452 --- [    Test worker] o.s.b.t.m.w.SpringBootMockServletContext : Initializing Spring TestDispatcherServlet ''
2019-01-23 16:51:16.351  INFO 23452 --- [    Test worker] o.s.t.web.servlet.TestDispatcherServlet  : Initializing Servlet ''
2019-01-23 16:51:16.355  INFO 23452 --- [    Test worker] o.s.t.web.servlet.TestDispatcherServlet  : Completed initialization in 4 ms
2019-01-23 16:51:16.359 DEBUG 23452 --- [    Test worker] org.hibernate.SQL                        : select organisati0_.id as id1_0_, organisati0_.email as email2_0_, organisati0_.contact_name as contact_3_0_, organisati0_.contact_phone as contact_4_0_, organisati0_.name as name5_0_, organisati0_.org_id as org_id6_0_ from organisations organisati0_ where organisati0_.org_id=?
Hibernate: select organisati0_.id as id1_0_, organisati0_.email as email2_0_, organisati0_.contact_name as contact_3_0_, organisati0_.contact_phone as contact_4_0_, organisati0_.name as name5_0_, organisati0_.org_id as org_id6_0_ from organisations organisati0_ where organisati0_.org_id=?
2019-01-23 16:51:16.361 DEBUG 23452 --- [    Test worker] org.hibernate.SQL                        : insert into organisations (email, contact_name, contact_phone, name, org_id) values (?, ?, ?, ?, ?)
Hibernate: insert into organisations (email, contact_name, contact_phone, name, org_id) values (?, ?, ?, ?, ?)
2019-01-23 16:51:16.376  INFO 23452 --- [    Test worker] o.s.b.t.m.w.SpringBootMockServletContext : Initializing Spring TestDispatcherServlet ''
2019-01-23 16:51:16.377  INFO 23452 --- [    Test worker] o.s.t.web.servlet.TestDispatcherServlet  : Initializing Servlet ''
2019-01-23 16:51:16.381  INFO 23452 --- [    Test worker] o.s.t.web.servlet.TestDispatcherServlet  : Completed initialization in 4 ms
2019-01-23 16:51:16.384 DEBUG 23452 --- [    Test worker] org.hibernate.SQL                        : select organisati0_.id as id1_0_, organisati0_.email as email2_0_, organisati0_.contact_name as contact_3_0_, organisati0_.contact_phone as contact_4_0_, organisati0_.name as name5_0_, organisati0_.org_id as org_id6_0_ from organisations organisati0_ where organisati0_.org_id=?
Hibernate: select organisati0_.id as id1_0_, organisati0_.email as email2_0_, organisati0_.contact_name as contact_3_0_, organisati0_.contact_phone as contact_4_0_, organisati0_.name as name5_0_, organisati0_.org_id as org_id6_0_ from organisations organisati0_ where organisati0_.org_id=?
2019-01-23 16:51:16.387 DEBUG 23452 --- [    Test worker] org.hibernate.SQL                        : insert into organisations (email, contact_name, contact_phone, name, org_id) values (?, ?, ?, ?, ?)
Hibernate: insert into organisations (email, contact_name, contact_phone, name, org_id) values (?, ?, ?, ?, ?)
2019-01-23 16:51:16.394 DEBUG 23452 --- [    Test worker] org.hibernate.SQL                        : select organisati0_.id as id1_0_, organisati0_.email as email2_0_, organisati0_.contact_name as contact_3_0_, organisati0_.contact_phone as contact_4_0_, organisati0_.name as name5_0_, organisati0_.org_id as org_id6_0_ from organisations organisati0_ where organisati0_.org_id=?
Hibernate: select organisati0_.id as id1_0_, organisati0_.email as email2_0_, organisati0_.contact_name as contact_3_0_, organisati0_.contact_phone as contact_4_0_, organisati0_.name as name5_0_, organisati0_.org_id as org_id6_0_ from organisations organisati0_ where organisati0_.org_id=?
2019-01-23 16:51:16.402 ERROR 23452 --- [    Test worker] c.s.o.c.OrganisationServiceController    : Attempted to create duplicate org : JS0023
]]></system-out>
  <system-err><![CDATA[]]></system-err>
</testsuite>
